#
# A fatal error has been detected by the Java Runtime Environment:
#
#  EXCEPTION_ACCESS_VIOLATION (0xc0000005) at pc=0x000000006f87b0fd, pid=7480, tid=7716
#
# JRE version: Java(TM) SE Runtime Environment (8.0_40-b26) (build 1.8.0_40-b26)
# Java VM: Java HotSpot(TM) 64-Bit Server VM (25.40-b25 mixed mode windows-amd64 compressed oops)
# Problematic frame:
# V  [jvm.dll+0x7b0fd]
#
# Failed to write core dump. Minidumps are not enabled by default on client versions of Windows
#
# If you would like to submit a bug report, please visit:
#   http://bugreport.java.com/bugreport/crash.jsp
#

---------------  T H R E A D  ---------------

Current thread (0x0000000018aaf800):  JavaThread "Thread-11" daemon [_thread_in_vm, id=7716, stack(0x0000000021d40000,0x0000000021e40000)]

siginfo: ExceptionCode=0xc0000005, writing address 0x0000000000000000

Registers:
RAX=0x0000000000000000, RBX=0x0000000000000000, RCX=0x000000001d989150, RDX=0x000000000000002f
RSP=0x0000000021e3b000, RBP=0x0000000021e3b100, RSI=0x000000001d542e90, RDI=0x000000001df41aa0
R8 =0x0000000000000000, R9 =0x000000001d989150, R10=0x0000000020d81938, R11=0x000000001d989150
R12=0x0000000018aaf800, R13=0x000000001dfe4d60, R14=0x000000001d989150, R15=0x000000001d983d30
RIP=0x000000006f87b0fd, EFLAGS=0x0000000000010212

Top of Stack: (sp=0x0000000021e3b000)
0x0000000021e3b000:   0000000000000000 000000001d542e90
0x0000000021e3b010:   0000000021e3b100 0000000021e3b380
0x0000000021e3b020:   000000001df41aa8 0000000000000000
0x0000000021e3b030:   0000000000000000 0000000021e3b050
0x0000000021e3b040:   c6b639b08d8f6c01 0000000018aaf800
0x0000000021e3b050:   000000001a665f60 000000013fc46640
0x0000000021e3b060:   000000001a665f60 000000001d989150
0x0000000021e3b070:   00000000000601f8 000000001d98bd18
0x0000000021e3b080:   0000000018aaf800 000000001df41aa0
0x0000000021e3b090:   00000000000a0008 00000000777f7500
0x0000000021e3b0a0:   0055000000320001 000000001a665f60
0x0000000021e3b0b0:   000000001d542e90 0000000000000000
0x0000000021e3b0c0:   0000000000000000 ffffffff00000000
0x0000000021e3b0d0:   00000000005c0000 0000000000000000
0x0000000021e3b0e0:   005c0073000000fc 000000013fc28d68
0x0000000021e3b0f0:   0000000000000000 0000000000000000 

Instructions: (pc=0x000000006f87b0fd)
0x000000006f87b0dd:   24 70 e8 bc de 0b 00 ba 2f 00 00 00 48 8b c8 4c
0x000000006f87b0ed:   8b f0 ff 15 2b 54 55 00 ba 2f 00 00 00 49 8b ce
0x000000006f87b0fd:   88 18 ff 15 23 54 55 00 48 85 c0 74 1c 66 0f 1f
0x000000006f87b10d:   44 00 00 ba 2f 00 00 00 49 8b ce c6 00 2e ff 15 


Register to memory mapping:

RAX=0x0000000000000000 is an unknown value
RBX=0x0000000000000000 is an unknown value
RCX=0x000000001d989150 is an unknown value
RDX=0x000000000000002f is an unknown value
RSP=0x0000000021e3b000 is pointing into the stack for thread: 0x0000000018aaf800
RBP=0x0000000021e3b100 is pointing into the stack for thread: 0x0000000018aaf800
RSI=0x000000001d542e90 is an unknown value
RDI=0x000000001df41aa0 is an unknown value
R8 =0x0000000000000000 is an unknown value
R9 =0x000000001d989150 is an unknown value
R10=0x0000000020d81938 is pointing into metadata
R11=0x000000001d989150 is an unknown value
R12=0x0000000018aaf800 is a thread
R13=0x000000001dfe4d60 is an unknown value
R14=0x000000001d989150 is an unknown value
R15=0x000000001d983d30 is an unknown value


Stack: [0x0000000021d40000,0x0000000021e40000],  sp=0x0000000021e3b000,  free space=1004k
Native frames: (J=compiled Java code, j=interpreted, Vv=VM code, C=native code)
V  [jvm.dll+0x7b0fd]
V  [jvm.dll+0x1900f1]
V  [jvm.dll+0x19048b]
C  [java.dll+0x1e58]
C  0x0000000002b7e8dd

Java frames: (J=compiled Java code, j=interpreted, Vv=VM code)
J 1981  java.lang.ClassLoader.defineClass1(Ljava/lang/String;[BIILjava/security/ProtectionDomain;Ljava/lang/String;)Ljava/lang/Class; (0 bytes) @ 0x0000000002b7e85f [0x0000000002b7e7c0+0x9f]
J 1352 C1 java.lang.ClassLoader.defineClass(Ljava/lang/String;[BIILjava/security/ProtectionDomain;)Ljava/lang/Class; (43 bytes) @ 0x00000000029d09e4 [0x00000000029d0400+0x5e4]
J 1404 C1 java.net.URLClassLoader.defineClass(Ljava/lang/String;Lsun/misc/Resource;)Ljava/lang/Class; (142 bytes) @ 0x00000000029f2664 [0x00000000029f0b00+0x1b64]
J 992 C1 java.net.URLClassLoader$1.run()Ljava/lang/Class; (63 bytes) @ 0x00000000028a6954 [0x00000000028a66a0+0x2b4]
J 966 C1 java.net.URLClassLoader$1.run()Ljava/lang/Object; (5 bytes) @ 0x000000000289e08c [0x000000000289e000+0x8c]
v  ~StubRoutines::call_stub
J 989  java.security.AccessController.doPrivileged(Ljava/security/PrivilegedExceptionAction;Ljava/security/AccessControlContext;)Ljava/lang/Object; (0 bytes) @ 0x00000000028a7066 [0x00000000028a7000+0x66]
J 964 C1 java.net.URLClassLoader.findClass(Ljava/lang/String;)Ljava/lang/Class; (47 bytes) @ 0x000000000289d444 [0x000000000289d2c0+0x184]
J 276 C1 java.lang.ClassLoader.loadClass(Ljava/lang/String;Z)Ljava/lang/Class; (122 bytes) @ 0x00000000026f682c [0x00000000026f5ec0+0x96c]
J 490 C1 java.lang.ClassLoader.loadClass(Ljava/lang/String;)Ljava/lang/Class; (7 bytes) @ 0x0000000002770dcc [0x0000000002770cc0+0x10c]
v  ~StubRoutines::call_stub
j  client.u(I)V+243
j  ea.run()V+465
j  java.lang.Thread.run()V+11
v  ~StubRoutines::call_stub

---------------  P R O C E S S  ---------------

Java Threads: ( => current thread )
  0x0000000018aae000 JavaThread "pool-1-thread-2" [_thread_blocked, id=4488, stack(0x00000000220f0000,0x00000000221f0000)]
  0x0000000018aad000 JavaThread "pool-1-thread-1" [_thread_blocked, id=8244, stack(0x0000000021f30000,0x0000000022030000)]
=>0x0000000018aaf800 JavaThread "Thread-11" daemon [_thread_in_vm, id=7716, stack(0x0000000021d40000,0x0000000021e40000)]
  0x0000000018aae800 JavaThread "Thread-10" daemon [_thread_blocked, id=8208, stack(0x0000000020fc0000,0x00000000210c0000)]
  0x0000000018aac800 JavaThread "Thread-8" [_thread_blocked, id=8612, stack(0x0000000020e30000,0x0000000020f30000)]
  0x0000000018aab800 JavaThread "D3D Screen Updater" daemon [_thread_blocked, id=7712, stack(0x0000000020af0000,0x0000000020bf0000)]
  0x0000000018aab000 JavaThread "Thread-7" [_thread_blocked, id=292, stack(0x00000000208c0000,0x00000000209c0000)]
  0x000000001d520000 JavaThread "Thread-4" [_thread_blocked, id=7640, stack(0x000000001f810000,0x000000001f910000)]
  0x000000001d962800 JavaThread "Thread-3" [_thread_blocked, id=7004, stack(0x000000001f6f0000,0x000000001f7f0000)]
  0x000000001df4a000 JavaThread "Image Fetcher 0" daemon [_thread_blocked, id=8572, stack(0x000000001f3c0000,0x000000001f4c0000)]
  0x000000001a41b000 JavaThread "Keep-Alive-Timer" daemon [_thread_blocked, id=3608, stack(0x000000001ac30000,0x000000001ad30000)]
  0x000000001df4a800 JavaThread "Thread-2" [_thread_blocked, id=6364, stack(0x000000001cb70000,0x000000001cc70000)]
  0x000000001df5f000 JavaThread "Client" daemon [_thread_blocked, id=3864, stack(0x000000001aa90000,0x000000001ab90000)]
  0x000000001a2bf800 JavaThread "TimerQueue" daemon [_thread_blocked, id=2564, stack(0x000000001cc80000,0x000000001cd80000)]
  0x000000000215e000 JavaThread "DestroyJavaVM" [_thread_blocked, id=9172, stack(0x0000000002190000,0x0000000002290000)]
  0x0000000018e28800 JavaThread "AWT-EventQueue-0" [_thread_blocked, id=8024, stack(0x000000001a0a0000,0x000000001a1a0000)]
  0x0000000018e23800 JavaThread "AWT-Windows" daemon [_thread_blocked, id=8020, stack(0x0000000019ba0000,0x0000000019ca0000)]
  0x0000000018e22000 JavaThread "AWT-Shutdown" [_thread_blocked, id=6748, stack(0x0000000019f90000,0x000000001a090000)]
  0x0000000018e21000 JavaThread "Java2D Disposer" daemon [_thread_blocked, id=5208, stack(0x0000000019e20000,0x0000000019f20000)]
  0x0000000018b2f000 JavaThread "Service Thread" daemon [_thread_blocked, id=8252, stack(0x00000000193f0000,0x00000000194f0000)]
  0x0000000018aa9000 JavaThread "C1 CompilerThread2" daemon [_thread_blocked, id=5516, stack(0x0000000019200000,0x0000000019300000)]
  0x000000001738e000 JavaThread "C2 CompilerThread1" daemon [_thread_blocked, id=8432, stack(0x00000000190b0000,0x00000000191b0000)]
  0x000000001738c800 JavaThread "C2 CompilerThread0" daemon [_thread_blocked, id=4580, stack(0x0000000018f80000,0x0000000019080000)]
  0x0000000017385000 JavaThread "Attach Listener" daemon [_thread_blocked, id=6780, stack(0x0000000018990000,0x0000000018a90000)]
  0x0000000017380800 JavaThread "Signal Dispatcher" daemon [_thread_blocked, id=6744, stack(0x0000000018420000,0x0000000018520000)]
  0x0000000017321000 JavaThread "Finalizer" daemon [_thread_blocked, id=4548, stack(0x0000000018740000,0x0000000018840000)]
  0x0000000017320000 JavaThread "Reference Handler" daemon [_thread_blocked, id=7536, stack(0x00000000185b0000,0x00000000186b0000)]

Other Threads:
  0x000000001731a000 VMThread [stack: 0x00000000182e0000,0x00000000183e0000] [id=2392]
  0x0000000018b3a000 WatcherThread [stack: 0x00000000195c0000,0x00000000196c0000] [id=2656]

VM state:synchronizing (normal execution)

VM Mutex/Monitor currently owned by a thread:  ([mutex/lock_event])
[0x000000000215c0f0] Threads_lock - owner thread: 0x000000001731a000

Heap:
 PSYoungGen      total 71680K, used 22488K [0x00000000d5980000, 0x00000000da480000, 0x0000000100000000)
  eden space 66560K, 33% used [0x00000000d5980000,0x00000000d6f76048,0x00000000d9a80000)
  from space 5120K, 0% used [0x00000000d9f80000,0x00000000d9f80000,0x00000000da480000)
  to   space 5120K, 0% used [0x00000000d9a80000,0x00000000d9a80000,0x00000000d9f80000)
 ParOldGen       total 58880K, used 7420K [0x0000000080c00000, 0x0000000084580000, 0x00000000d5980000)
  object space 58880K, 12% used [0x0000000080c00000,0x000000008133f038,0x0000000084580000)
 Metaspace       used 24200K, capacity 25279K, committed 25472K, reserved 1071104K
  class space    used 2972K, capacity 3189K, committed 3200K, reserved 1048576K

Card table byte_map: [0x0000000011920000,0x0000000011d20000] byte_map_base: 0x000000001151a000

Marking Bits: (ParMarkBitMap*) 0x0000000070004040
 Begin Bits: [0x00000000125f0000, 0x00000000145c0000)
 End Bits:   [0x00000000145c0000, 0x0000000016590000)

Polling page: 0x0000000001b50000

CodeCache: size=245760Kb used=7461Kb max_used=7676Kb free=238298Kb
 bounds [0x0000000002560000, 0x0000000002cf0000, 0x0000000011560000]
 total_blobs=3012 nmethods=2419 adapters=505
 compilation: enabled

Compilation events (10 events):
Event: 6.049 Thread 0x0000000018aa9000 2467       3       java.awt.event.InputEvent::getModifiers (8 bytes)
Event: 6.050 Thread 0x0000000018aa9000 nmethod 2467 0x000000000269b490 code [0x000000000269b5e0, 0x000000000269b730]
Event: 6.053 Thread 0x0000000018aa9000 2468       3       java.awt.EventQueue::getNextEventPrivate (76 bytes)
Event: 6.053 Thread 0x0000000018aa9000 nmethod 2468 0x0000000002681690 code [0x0000000002681820, 0x0000000002681b68]
Event: 6.060 Thread 0x0000000018aa9000 2469       3       javax.swing.JComponent::setBorder (60 bytes)
Event: 6.060 Thread 0x000000001738e000 2471       4       java.lang.CharacterDataLatin1::toUpperCase (53 bytes)
Event: 6.060 Thread 0x0000000018aa9000 nmethod 2469 0x00000000027df5d0 code [0x00000000027df7e0, 0x00000000027e0358]
Event: 6.061 Thread 0x0000000018aa9000 2470       1       javax.swing.DefaultBoundedRangeModel::getValue (5 bytes)
Event: 6.061 Thread 0x0000000018aa9000 nmethod 2470 0x0000000002700d50 code [0x0000000002700ea0, 0x0000000002700fb0]
Event: 6.061 Thread 0x000000001738e000 nmethod 2471 0x00000000026adc90 code [0x00000000026addc0, 0x00000000026ade98]

GC Heap History (10 events):
Event: 2.451 GC heap before
{Heap before GC invocations=1 (full 0):
 PSYoungGen      total 38400K, used 33280K [0x00000000d5980000, 0x00000000d8400000, 0x0000000100000000)
  eden space 33280K, 100% used [0x00000000d5980000,0x00000000d7a00000,0x00000000d7a00000)
  from space 5120K, 0% used [0x00000000d7f00000,0x00000000d7f00000,0x00000000d8400000)
  to   space 5120K, 0% used [0x00000000d7a00000,0x00000000d7a00000,0x00000000d7f00000)
 ParOldGen       total 87552K, used 0K [0x0000000080c00000, 0x0000000086180000, 0x00000000d5980000)
  object space 87552K, 0% used [0x0000000080c00000,0x0000000080c00000,0x0000000086180000)
 Metaspace       used 15144K, capacity 15530K, committed 15616K, reserved 1062912K
  class space    used 1863K, capacity 1972K, committed 2048K, reserved 1048576K
Event: 2.456 GC heap after
Heap after GC invocations=1 (full 0):
 PSYoungGen      total 38400K, used 5093K [0x00000000d5980000, 0x00000000d8400000, 0x0000000100000000)
  eden space 33280K, 0% used [0x00000000d5980000,0x00000000d5980000,0x00000000d7a00000)
  from space 5120K, 99% used [0x00000000d7a00000,0x00000000d7ef97c0,0x00000000d7f00000)
  to   space 5120K, 0% used [0x00000000d7f00000,0x00000000d7f00000,0x00000000d8400000)
 ParOldGen       total 87552K, used 1554K [0x0000000080c00000, 0x0000000086180000, 0x00000000d5980000)
  object space 87552K, 1% used [0x0000000080c00000,0x0000000080d848e8,0x0000000086180000)
 Metaspace       used 15144K, capacity 15530K, committed 15616K, reserved 1062912K
  class space    used 1863K, capacity 1972K, committed 2048K, reserved 1048576K
}
Event: 2.556 GC heap before
{Heap before GC invocations=2 (full 0):
 PSYoungGen      total 38400K, used 38373K [0x00000000d5980000, 0x00000000d8400000, 0x0000000100000000)
  eden space 33280K, 100% used [0x00000000d5980000,0x00000000d7a00000,0x00000000d7a00000)
  from space 5120K, 99% used [0x00000000d7a00000,0x00000000d7ef97c0,0x00000000d7f00000)
  to   space 5120K, 0% used [0x00000000d7f00000,0x00000000d7f00000,0x00000000d8400000)
 ParOldGen       total 87552K, used 1554K [0x0000000080c00000, 0x0000000086180000, 0x00000000d5980000)
  object space 87552K, 1% used [0x0000000080c00000,0x0000000080d848e8,0x0000000086180000)
 Metaspace       used 15345K, capacity 15756K, committed 15872K, reserved 1062912K
  class space    used 1888K, capacity 2006K, committed 2048K, reserved 1048576K
Event: 2.563 GC heap after
Heap after GC invocations=2 (full 0):
 PSYoungGen      total 38400K, used 5088K [0x00000000d5980000, 0x00000000da480000, 0x0000000100000000)
  eden space 33280K, 0% used [0x00000000d5980000,0x00000000d5980000,0x00000000d7a00000)
  from space 5120K, 99% used [0x00000000d7f00000,0x00000000d83f8020,0x00000000d8400000)
  to   space 5120K, 0% used [0x00000000d7a00000,0x00000000d7a00000,0x00000000d7f00000)
 ParOldGen       total 87552K, used 8463K [0x0000000080c00000, 0x0000000086180000, 0x00000000d5980000)
  object space 87552K, 9% used [0x0000000080c00000,0x0000000081443ea0,0x0000000086180000)
 Metaspace       used 15345K, capacity 15756K, committed 15872K, reserved 1062912K
  class space    used 1888K, capacity 2006K, committed 2048K, reserved 1048576K
}
Event: 3.169 GC heap before
{Heap before GC invocations=3 (full 0):
 PSYoungGen      total 38400K, used 38368K [0x00000000d5980000, 0x00000000da480000, 0x0000000100000000)
  eden space 33280K, 100% used [0x00000000d5980000,0x00000000d7a00000,0x00000000d7a00000)
  from space 5120K, 99% used [0x00000000d7f00000,0x00000000d83f8020,0x00000000d8400000)
  to   space 5120K, 0% used [0x00000000d7a00000,0x00000000d7a00000,0x00000000d7f00000)
 ParOldGen       total 87552K, used 8463K [0x0000000080c00000, 0x0000000086180000, 0x00000000d5980000)
  object space 87552K, 9% used [0x0000000080c00000,0x0000000081443ea0,0x0000000086180000)
 Metaspace       used 16579K, capacity 17118K, committed 17408K, reserved 1064960K
  class space    used 2093K, capacity 2223K, committed 2304K, reserved 1048576K
Event: 3.176 GC heap after
Heap after GC invocations=3 (full 0):
 PSYoungGen      total 38400K, used 5110K [0x00000000d5980000, 0x00000000da480000, 0x0000000100000000)
  eden space 33280K, 0% used [0x00000000d5980000,0x00000000d5980000,0x00000000d7a00000)
  from space 5120K, 99% used [0x00000000d7a00000,0x00000000d7efdb18,0x00000000d7f00000)
  to   space 5120K, 0% used [0x00000000d9f80000,0x00000000d9f80000,0x00000000da480000)
 ParOldGen       total 87552K, used 16122K [0x0000000080c00000, 0x0000000086180000, 0x00000000d5980000)
  object space 87552K, 18% used [0x0000000080c00000,0x0000000081bbe8a0,0x0000000086180000)
 Metaspace       used 16579K, capacity 17118K, committed 17408K, reserved 1064960K
  class space    used 2093K, capacity 2223K, committed 2304K, reserved 1048576K
}
Event: 4.543 GC heap before
{Heap before GC invocations=4 (full 0):
 PSYoungGen      total 38400K, used 21557K [0x00000000d5980000, 0x00000000da480000, 0x0000000100000000)
  eden space 33280K, 49% used [0x00000000d5980000,0x00000000d698fbb8,0x00000000d7a00000)
  from space 5120K, 99% used [0x00000000d7a00000,0x00000000d7efdb18,0x00000000d7f00000)
  to   space 5120K, 0% used [0x00000000d9f80000,0x00000000d9f80000,0x00000000da480000)
 ParOldGen       total 87552K, used 16122K [0x0000000080c00000, 0x0000000086180000, 0x00000000d5980000)
  object space 87552K, 18% used [0x0000000080c00000,0x0000000081bbe8a0,0x0000000086180000)
 Metaspace       used 20362K, capacity 21258K, committed 21296K, reserved 1067008K
  class space    used 2738K, capacity 2913K, committed 2944K, reserved 1048576K
Event: 4.548 GC heap after
Heap after GC invocations=4 (full 0):
 PSYoungGen      total 71680K, used 5114K [0x00000000d5980000, 0x00000000da480000, 0x0000000100000000)
  eden space 66560K, 0% used [0x00000000d5980000,0x00000000d5980000,0x00000000d9a80000)
  from space 5120K, 99% used [0x00000000d9f80000,0x00000000da47eaa8,0x00000000da480000)
  to   space 5120K, 0% used [0x00000000d9a80000,0x00000000d9a80000,0x00000000d9f80000)
 ParOldGen       total 87552K, used 18414K [0x0000000080c00000, 0x0000000086180000, 0x00000000d5980000)
  object space 87552K, 21% used [0x0000000080c00000,0x0000000081dfbbc8,0x0000000086180000)
 Metaspace       used 20362K, capacity 21258K, committed 21296K, reserved 1067008K
  class space    used 2738K, capacity 2913K, committed 2944K, reserved 1048576K
}
Event: 4.548 GC heap before
{Heap before GC invocations=5 (full 1):
 PSYoungGen      total 71680K, used 5114K [0x00000000d5980000, 0x00000000da480000, 0x0000000100000000)
  eden space 66560K, 0% used [0x00000000d5980000,0x00000000d5980000,0x00000000d9a80000)
  from space 5120K, 99% used [0x00000000d9f80000,0x00000000da47eaa8,0x00000000da480000)
  to   space 5120K, 0% used [0x00000000d9a80000,0x00000000d9a80000,0x00000000d9f80000)
 ParOldGen       total 87552K, used 18414K [0x0000000080c00000, 0x0000000086180000, 0x00000000d5980000)
  object space 87552K, 21% used [0x0000000080c00000,0x0000000081dfbbc8,0x0000000086180000)
 Metaspace       used 20362K, capacity 21258K, committed 21296K, reserved 1067008K
  class space    used 2738K, capacity 2913K, committed 2944K, reserved 1048576K
Event: 4.573 GC heap after
Heap after GC invocations=5 (full 1):
 PSYoungGen      total 71680K, used 0K [0x00000000d5980000, 0x00000000da480000, 0x0000000100000000)
  eden space 66560K, 0% used [0x00000000d5980000,0x00000000d5980000,0x00000000d9a80000)
  from space 5120K, 0% used [0x00000000d9f80000,0x00000000d9f80000,0x00000000da480000)
  to   space 5120K, 0% used [0x00000000d9a80000,0x00000000d9a80000,0x00000000d9f80000)
 ParOldGen       total 58880K, used 7420K [0x0000000080c00000, 0x0000000084580000, 0x00000000d5980000)
  object space 58880K, 12% used [0x0000000080c00000,0x000000008133f038,0x0000000084580000)
 Metaspace       used 20362K, capacity 21258K, committed 21296K, reserved 1067008K
  class space    used 2738K, capacity 2913K, committed 2944K, reserved 1048576K
}

Deoptimization events (10 events):
Event: 3.413 Thread 0x0000000018e28800 Uncommon trap: reason=unstable_if action=reinterpret pc=0x00000000028fe294 method=java.lang.CharacterDataLatin1.digit(II)I @ 82
Event: 4.109 Thread 0x000000001df4a000 Uncommon trap: reason=unstable_if action=reinterpret pc=0x00000000029c33c0 method=java.io.BufferedInputStream.read1([BII)I @ 60
Event: 4.394 Thread 0x0000000018e23800 Uncommon trap: reason=bimorphic action=maybe_recompile pc=0x0000000002919904 method=java.util.HashMap.putVal(ILjava/lang/Object;Ljava/lang/Object;ZZ)Ljava/lang/Object; @ 91
Event: 4.394 Thread 0x0000000018e23800 Uncommon trap: reason=bimorphic action=maybe_recompile pc=0x0000000002919904 method=java.util.HashMap.putVal(ILjava/lang/Object;Ljava/lang/Object;ZZ)Ljava/lang/Object; @ 91
Event: 4.584 Thread 0x0000000017321000 Uncommon trap: reason=unstable_if action=reinterpret pc=0x0000000002a2cfbc method=java.lang.ref.Finalizer.remove()V @ 10
Event: 4.584 Thread 0x0000000017321000 Uncommon trap: reason=unstable_if action=reinterpret pc=0x0000000002a329a4 method=java.lang.ref.Finalizer.remove()V @ 10
Event: 4.584 Thread 0x0000000017321000 Uncommon trap: reason=unstable_if action=reinterpret pc=0x0000000002a2c7e8 method=java.lang.ref.Finalizer.remove()V @ 10
Event: 4.912 Thread 0x0000000018e28800 Uncommon trap: reason=unstable_if action=reinterpret pc=0x0000000002c26424 method=sun.awt.SunToolkit.getAppContext(Ljava/lang/Object;)Lsun/awt/AppContext; @ 4
Event: 4.918 Thread 0x0000000018e28800 Uncommon trap: reason=unstable_if action=reinterpret pc=0x0000000002ba90f8 method=java.util.WeakHashMap.expungeStaleEntries()V @ 9
Event: 5.810 Thread 0x0000000018aac800 Uncommon trap: reason=unstable_if action=reinterpret pc=0x0000000002b2a348 method=sun.misc.URLClassPath.getLoader(I)Lsun/misc/URLClassPath$Loader; @ 36

Internal exceptions (10 events):
Event: 2.819 Thread 0x0000000018e28800 Exception <a 'java/lang/ClassNotFoundException': org/apache/log4j/PatternLayoutCustomizer> (0x00000000d76e4a80) thrown at [D:\re\workspace\8-2-build-windows-amd64-cygwin\jdk8u40\3098\hotspot\src\share\vm\classfile\systemDictionary.cpp, line 210]
Event: 2.822 Thread 0x0000000018e28800 Exception <a 'java/lang/ClassNotFoundException': org/apache/log4j/RollingFileAppenderBeanInfo> (0x00000000d7708920) thrown at [D:\re\workspace\8-2-build-windows-amd64-cygwin\jdk8u40\3098\hotspot\src\share\vm\classfile\systemDictionary.cpp, line 210]
Event: 2.822 Thread 0x0000000018e28800 Exception <a 'java/lang/ClassNotFoundException': org/apache/log4j/FileAppenderBeanInfo> (0x00000000d770bc38) thrown at [D:\re\workspace\8-2-build-windows-amd64-cygwin\jdk8u40\3098\hotspot\src\share\vm\classfile\systemDictionary.cpp, line 210]
Event: 2.822 Thread 0x0000000018e28800 Exception <a 'java/lang/ClassNotFoundException': org/apache/log4j/WriterAppenderBeanInfo> (0x00000000d770efc0) thrown at [D:\re\workspace\8-2-build-windows-amd64-cygwin\jdk8u40\3098\hotspot\src\share\vm\classfile\systemDictionary.cpp, line 210]
Event: 2.822 Thread 0x0000000018e28800 Exception <a 'java/lang/ClassNotFoundException': org/apache/log4j/AppenderSkeletonBeanInfo> (0x00000000d7712408) thrown at [D:\re\workspace\8-2-build-windows-amd64-cygwin\jdk8u40\3098\hotspot\src\share\vm\classfile\systemDictionary.cpp, line 210]
Event: 2.823 Thread 0x0000000018e28800 Exception <a 'java/lang/ClassNotFoundException': org/apache/log4j/AppenderSkeletonCustomizer> (0x00000000d7715848) thrown at [D:\re\workspace\8-2-build-windows-amd64-cygwin\jdk8u40\3098\hotspot\src\share\vm\classfile\systemDictionary.cpp, line 210]
Event: 2.823 Thread 0x0000000018e28800 Exception <a 'java/lang/ClassNotFoundException': org/apache/log4j/WriterAppenderCustomizer> (0x00000000d7721500) thrown at [D:\re\workspace\8-2-build-windows-amd64-cygwin\jdk8u40\3098\hotspot\src\share\vm\classfile\systemDictionary.cpp, line 210]
Event: 2.824 Thread 0x0000000018e28800 Exception <a 'java/lang/ClassNotFoundException': org/apache/log4j/FileAppenderCustomizer> (0x00000000d772a988) thrown at [D:\re\workspace\8-2-build-windows-amd64-cygwin\jdk8u40\3098\hotspot\src\share\vm\classfile\systemDictionary.cpp, line 210]
Event: 2.824 Thread 0x0000000018e28800 Exception <a 'java/lang/ClassNotFoundException': org/apache/log4j/RollingFileAppenderCustomizer> (0x00000000d7731c00) thrown at [D:\re\workspace\8-2-build-windows-amd64-cygwin\jdk8u40\3098\hotspot\src\share\vm\classfile\systemDictionary.cpp, line 210]
Event: 5.993 Thread 0x0000000018aac800 Exception <a 'java/io/FileNotFoundException'> (0x00000000d6b46730) thrown at [D:\re\workspace\8-2-build-windows-amd64-cygwin\jdk8u40\3098\hotspot\src\share\vm\prims\jni.cpp, line 709]

Events (10 events):
Event: 6.054 Thread 0x0000000018aa9000 flushing nmethod 0x0000000002a16790
Event: 6.054 Thread 0x0000000018aa9000 flushing nmethod 0x0000000002a248d0
Event: 6.054 Thread 0x0000000018aa9000 flushing nmethod 0x0000000002a264d0
Event: 6.060 loading class org/dreambot/core/6/4
Event: 6.060 loading class org/dreambot/core/6/4 done
Event: 6.060 Thread 0x0000000018aa9000 flushing nmethod 0x0000000002a460d0
Event: 6.060 Thread 0x0000000018aa9000 flushing nmethod 0x0000000002a47210
Event: 6.060 Thread 0x0000000018aa9000 flushing nmethod 0x0000000002a4af90
Event: 6.061 Thread 0x000000001738e000 flushing nmethod 0x0000000002b24c50
Event: 6.061 Executing VM operation: RevokeBias


Dynamic libraries:
0x000000013f8f0000 - 0x000000013f927000 	C:\Program Files\Java\jdk1.8.0_40\bin\javaw.exe
0x00000000776e0000 - 0x0000000077889000 	C:\Windows\SYSTEM32\ntdll.dll
0x0000000077250000 - 0x000000007736f000 	C:\Windows\system32\kernel32.dll
0x000007fefdbf0000 - 0x000007fefdc5b000 	C:\Windows\system32\KERNELBASE.dll
0x000007fefeb80000 - 0x000007fefec5b000 	C:\Windows\system32\ADVAPI32.dll
0x000007fefe920000 - 0x000007fefe9bf000 	C:\Windows\system32\msvcrt.dll
0x000007fefe5d0000 - 0x000007fefe5ef000 	C:\Windows\SYSTEM32\sechost.dll
0x000007fefe210000 - 0x000007fefe33d000 	C:\Windows\system32\RPCRT4.dll
0x0000000077150000 - 0x000000007724a000 	C:\Windows\system32\USER32.dll
0x000007fefe9c0000 - 0x000007fefea27000 	C:\Windows\system32\GDI32.dll
0x000007fefe5f0000 - 0x000007fefe5fe000 	C:\Windows\system32\LPK.dll
0x000007fefdf50000 - 0x000007fefe019000 	C:\Windows\system32\USP10.dll
0x000007fefc490000 - 0x000007fefc684000 	C:\Windows\WinSxS\amd64_microsoft.windows.common-controls_6595b64144ccf1df_6.0.7601.17514_none_fa396087175ac9ac\COMCTL32.dll
0x000007fefeb00000 - 0x000007fefeb71000 	C:\Windows\system32\SHLWAPI.dll
0x000007fefdf10000 - 0x000007fefdf3e000 	C:\Windows\system32\IMM32.DLL
0x000007fefe020000 - 0x000007fefe129000 	C:\Windows\system32\MSCTF.dll
0x0000000053c80000 - 0x0000000053d52000 	C:\Program Files\Java\jdk1.8.0_40\jre\bin\msvcr100.dll
0x000000006f800000 - 0x0000000070083000 	C:\Program Files\Java\jdk1.8.0_40\jre\bin\server\jvm.dll
0x000007fef8790000 - 0x000007fef8799000 	C:\Windows\system32\WSOCK32.dll
0x000007fefeab0000 - 0x000007fefeafd000 	C:\Windows\system32\WS2_32.dll
0x000007fefdf40000 - 0x000007fefdf48000 	C:\Windows\system32\NSI.dll
0x000007fefbca0000 - 0x000007fefbcdb000 	C:\Windows\system32\WINMM.dll
0x000007fefcc80000 - 0x000007fefcc8c000 	C:\Windows\system32\VERSION.dll
0x00000000778b0000 - 0x00000000778b7000 	C:\Windows\system32\PSAPI.DLL
0x0000000071480000 - 0x000000007148f000 	C:\Program Files\Java\jdk1.8.0_40\jre\bin\verify.dll
0x000000006f500000 - 0x000000006f529000 	C:\Program Files\Java\jdk1.8.0_40\jre\bin\java.dll
0x000000006f450000 - 0x000000006f466000 	C:\Program Files\Java\jdk1.8.0_40\jre\bin\zip.dll
0x000007fefec60000 - 0x000007feff9e8000 	C:\Windows\system32\SHELL32.dll
0x000007fefe340000 - 0x000007fefe543000 	C:\Windows\system32\ole32.dll
0x000007fefdb40000 - 0x000007fefdb4f000 	C:\Windows\system32\profapi.dll
0x000000006f3a0000 - 0x000000006f3ba000 	C:\Program Files\Java\jdk1.8.0_40\jre\bin\net.dll
0x000007fefd300000 - 0x000007fefd355000 	C:\Windows\system32\mswsock.dll
0x000007fefd630000 - 0x000007fefd637000 	C:\Windows\System32\wship6.dll
0x000007fefd360000 - 0x000007fefd3bb000 	C:\Windows\system32\DNSAPI.dll
0x000007fefb360000 - 0x000007fefb375000 	C:\Windows\system32\napinsp.dll
0x000007fefb340000 - 0x000007fefb359000 	C:\Windows\system32\pnrpnsp.dll
0x000007fefb950000 - 0x000007fefb95b000 	C:\Windows\System32\winrnr.dll
0x0000000071f80000 - 0x0000000071fa6000 	C:\Program Files\Bonjour\mdnsNSP.dll
0x000007fefbb10000 - 0x000007fefbb37000 	C:\Windows\system32\Iphlpapi.DLL
0x000007fefba50000 - 0x000007fefba5b000 	C:\Windows\system32\WINNSI.DLL
0x000007fefcd50000 - 0x000007fefcd57000 	C:\Windows\System32\wshtcpip.dll
0x000007fef9630000 - 0x000007fef9638000 	C:\Windows\system32\rasadhlp.dll
0x000007fefb560000 - 0x000007fefb5b3000 	C:\Windows\System32\fwpuclnt.dll
0x00000000518d0000 - 0x0000000051a68000 	C:\Program Files\Java\jdk1.8.0_40\jre\bin\awt.dll
0x000007fefe130000 - 0x000007fefe207000 	C:\Windows\system32\OLEAUT32.dll
0x000007fefc2b0000 - 0x000007fefc306000 	C:\Windows\system32\uxtheme.dll
0x000007fefbbb0000 - 0x000007fefbbc8000 	C:\Windows\system32\dwmapi.dll
0x000007fefd9d0000 - 0x000007fefd9df000 	C:\Windows\system32\CRYPTBASE.dll
0x000007feee890000 - 0x000007feeea8f000 	C:\Windows\system32\d3d9.dll
0x000007fef8760000 - 0x000007fef8767000 	C:\Windows\system32\d3d8thk.dll
0x000007fedf0d0000 - 0x000007fee0185000 	C:\Windows\system32\nvd3dumx.dll
0x0000000180000000 - 0x0000000180141000 	C:\Windows\system32\nvspcap64.dll
0x000007fefdca0000 - 0x000007fefde0a000 	C:\Windows\system32\CRYPT32.dll
0x000007fefdbe0000 - 0x000007fefdbef000 	C:\Windows\system32\MSASN1.dll
0x000007fefa0d0000 - 0x000007fefa403000 	C:\Windows\system32\nvapi64.dll
0x000007fefe600000 - 0x000007fefe7d7000 	C:\Windows\system32\SETUPAPI.dll
0x000007fefde10000 - 0x000007fefde46000 	C:\Windows\system32\CFGMGR32.dll
0x000007fefdef0000 - 0x000007fefdf0a000 	C:\Windows\system32\DEVOBJ.dll
0x000007fefc6f0000 - 0x000007fefc71c000 	C:\Windows\system32\powrprof.dll
0x000007fee22a0000 - 0x000007fee240a000 	C:\Program Files (x86)\NVIDIA Corporation\3D Vision\nvSCPAPI64.dll
0x000007fefd570000 - 0x000007fefd587000 	C:\Windows\system32\CRYPTSP.dll
0x000007fefd0d0000 - 0x000007fefd117000 	C:\Windows\system32\rsaenh.dll
0x000007fefce90000 - 0x000007fefceae000 	C:\Windows\system32\USERENV.dll
0x000007fefb5c0000 - 0x000007fefb5d8000 	C:\Windows\system32\dhcpcsvc.DLL
0x000007fefaed0000 - 0x000007fefaee1000 	C:\Windows\system32\dhcpcsvc6.DLL
0x000000006f380000 - 0x000000006f391000 	C:\Program Files\Java\jdk1.8.0_40\jre\bin\nio.dll
0x000000006b770000 - 0x000000006b7b7000 	C:\Program Files\Java\jdk1.8.0_40\jre\bin\fontmanager.dll
0x000000006b720000 - 0x000000006b761000 	C:\Program Files\Java\jdk1.8.0_40\jre\bin\t2k.dll
0x0000000059430000 - 0x0000000059454000 	C:\Program Files\Java\jdk1.8.0_40\jre\bin\sunec.dll
0x000007fefe7e0000 - 0x000007fefe879000 	C:\Windows\system32\CLBCatQ.DLL
0x000007fef5d00000 - 0x000007fef5e25000 	C:\Windows\system32\dbghelp.dll

VM Arguments:
jvm_args: -Dfile.encoding=Cp1252 
java_command: org.dreambot.Boot -dev
java_class_path (initial): C:\Users\Fhuckyou\Desktop\rsScripts\AntiiTheft\bin;C:\Users\Fhuckyou\DreamBot\BotData\client.jar
Launcher Type: SUN_STANDARD

Environment Variables:
CLASSPATH=Files\Java\jdk1.7.0_25\bin;Files\Java\jdk1.7.0_25\bin;Files\Java\jdk1.7.0_25\bin;%CLASSPATH%
PATH=C:/Program Files/Java/jre1.8.0_65/bin/server;C:/Program Files/Java/jre1.8.0_65/bin;C:/Program Files/Java/jre1.8.0_65/lib/amd64;C:\ProgramData\Oracle\Java\javapath;C:\Program Files (x86)\NVIDIA Corporation\PhysX\Common;c:\windows\system32;C:\Program Files (x86)\QuickTime\QTSystem\;C:\Users\Fhuckyou\Desktop\eclipse;
USERNAME=Fhuckyou
OS=Windows_NT
PROCESSOR_IDENTIFIER=Intel64 Family 6 Model 58 Stepping 9, GenuineIntel



---------------  S Y S T E M  ---------------

OS: Windows 7 , 64 bit Build 7601 (6.1.7601.18015)

CPU:total 4 (4 cores per cpu, 1 threads per core) family 6 model 58 stepping 9, cmov, cx8, fxsr, mmx, sse, sse2, sse3, ssse3, sse4.1, sse4.2, popcnt, avx, aes, clmul, erms, tsc, tscinvbit, tscinv

Memory: 4k page, physical 8339164k(4236612k free), swap 16983672k(11618828k free)

vm_info: Java HotSpot(TM) 64-Bit Server VM (25.40-b25) for windows-amd64 JRE (1.8.0_40-b26), built on Mar  7 2015 13:51:59 by "java_re" with MS VC++ 10.0 (VS2010)

time: Mon Dec 28 15:20:17 2015
elapsed time: 6 seconds (0d 0h 0m 6s)

